11:13:18.956 [http-nio-8080-exec-31] INFO  com.example.USER_LIST .data.dao.UserDAO - Sorting users by column: first_name and order: ASC
11:22:05.555 [http-nio-8080-exec-6] INFO  com.example.USER_LIST .data.dao.UserDAO - Getting all users
11:28:08.292 [http-nio-8080-exec-7] INFO  com.example.USER_LIST .data.dao.UserDAO - Getting all users
13:16:49.513 [http-nio-8080-exec-15] INFO  com.example.USER_LIST .data.dao.UserDAO - Getting all users
13:16:51.387 [http-nio-8080-exec-13] INFO  com.example.USER_LIST .data.dao.UserDAO - Sorting users by column: first_name and order: ASC
13:16:52.642 [http-nio-8080-exec-18] INFO  com.example.USER_LIST .data.dao.UserDAO - Sorting users by column: first_name and order: ASC
13:16:53.680 [http-nio-8080-exec-16] INFO  com.example.USER_LIST .data.dao.UserDAO - Sorting users by column: first_name and order: ASC
13:16:54.550 [http-nio-8080-exec-11] INFO  com.example.USER_LIST .data.dao.UserDAO - Sorting users by column: first_name and order: ASC
13:16:55.503 [http-nio-8080-exec-12] INFO  com.example.USER_LIST .data.dao.UserDAO - Sorting users by column: first_name and order: ASC
13:16:56.335 [http-nio-8080-exec-20] INFO  com.example.USER_LIST .data.dao.UserDAO - Sorting users by column: last_name and order: ASC
14:00:46.382 [http-nio-8080-exec-25] INFO  com.example.USER_LIST .data.dao.UserDAO - Getting all users
14:00:56.613 [http-nio-8080-exec-29] INFO  com.example.USER_LIST .data.dao.UserDAO - Sorting users by column: first_name and order: ASC
14:00:57.750 [http-nio-8080-exec-30] INFO  com.example.USER_LIST .data.dao.UserDAO - Sorting users by column: first_name and order: DESC
14:00:58.684 [http-nio-8080-exec-21] INFO  com.example.USER_LIST .data.dao.UserDAO - Sorting users by column: first_name and order: ASC
14:00:59.347 [http-nio-8080-exec-24] INFO  com.example.USER_LIST .data.dao.UserDAO - Sorting users by column: first_name and order: DESC
14:01:09.355 [http-nio-8080-exec-31] INFO  com.example.USER_LIST .data.dao.UserDAO - Sorting users by column: first_name and order: ASC
14:01:10.320 [http-nio-8080-exec-32] INFO  com.example.USER_LIST .data.dao.UserDAO - Sorting users by column: first_name and order: DESC
14:01:16.227 [http-nio-8080-exec-33] INFO  com.example.USER_LIST .data.dao.UserDAO - Searching for users with data: oleg
14:03:21.035 [http-nio-8080-exec-32] INFO  com.example.USER_LIST .data.dao.UserDAO - Getting all users
18:01:02.165 [http-nio-8080-exec-107] INFO  com.example.UserList.data.dao.UserDAO - Getting all users
18:01:05.024 [http-nio-8080-exec-116] INFO  com.example.UserList.data.dao.UserDAO - Getting all users
18:01:06.504 [http-nio-8080-exec-111] INFO  com.example.UserList.data.dao.UserDAO - Getting all users
18:01:08.221 [http-nio-8080-exec-113] INFO  com.example.UserList.data.dao.UserDAO - Getting all users
18:34:33.478 [http-nio-8080-exec-119] INFO  com.example.UserList.data.dao.UserDAO - Creating user with name: 1QFG, surname: 1DFD, login: FDF@gmail.com
18:34:33.484 [http-nio-8080-exec-119] INFO  com.example.UserList.data.dao.UserDAO - User created successfully
18:34:54.403 [http-nio-8080-exec-122] INFO  com.example.UserList.data.dao.UserDAO - Getting all users
18:34:56.797 [http-nio-8080-exec-123] INFO  com.example.UserList.data.dao.UserDAO - Getting all users
18:45:43.339 [http-nio-8080-exec-122] INFO  com.example.UserList.data.dao.UserDAO - Getting all users
18:45:51.698 [http-nio-8080-exec-127] INFO  com.example.UserList.data.dao.UserDAO - Getting all users
18:47:50.196 [http-nio-8080-exec-139] INFO  com.example.UserList.data.dao.UserDAO - Getting all users
18:50:19.932 [http-nio-8080-exec-145] INFO  com.example.UserList.data.dao.UserDAO - Getting all users
19:10:27.515 [http-nio-8080-exec-23] INFO  com.example.UserList.data.dao.UserDAO - Getting all users
